<?xml version="1.0" encoding="UTF-8"?>
<!-- Generated by org.testng.reporters.JUnitReportReporter -->
<testsuite hostname="LAPTOP-D7U7COS2" failures="0" tests="6" name="api.test.DDTests" time="18.491" errors="0" timestamp="2024-12-20T13:46:32 IST" skipped="0">
  <testcase classname="api.test.DDTests" name="testPostUser" time="1.250"/>
  <testcase classname="api.test.DDTests" name="testPostUser" time="1.299"/>
  <testcase classname="api.test.DDTests" name="testPostUser" time="12.025"/>
  <testcase classname="api.test.DDTests" name="testDeleteUserByName" time="1.233"/>
  <testcase classname="api.test.DDTests" name="testDeleteUserByName" time="1.443"/>
  <testcase classname="api.test.DDTests" name="testDeleteUserByName" time="1.241"/>
</testsuite> <!-- api.test.DDTests -->
