<?xml version="1.0" encoding="UTF-8"?>
<!-- Generated by org.testng.reporters.JUnitReportReporter -->
<testsuite hostname="LAPTOP-D7U7COS2" failures="0" tests="3" name="api.test.UserTest2" time="12.641" errors="0" timestamp="2024-12-20T16:35:10 IST" skipped="0">
  <testcase classname="api.test.UserTest2" name="testPostUser" time="8.559"/>
  <testcase classname="api.test.UserTest2" name="testGetUser" time="1.361"/>
  <testcase classname="api.test.UserTest2" name="testupdateUser" time="2.721"/>
</testsuite> <!-- api.test.UserTest2 -->
