<?xml version="1.0" encoding="UTF-8"?>
<!-- Generated by org.testng.reporters.JUnitReportReporter -->
<testsuite hostname="LAPTOP-D7U7COS2" failures="0" tests="4" name="api.test.UserTest" time="70.521" errors="0" timestamp="2024-12-20T14:52:07 IST" skipped="0">
  <testcase classname="api.test.UserTest" name="testPostUser" time="11.933"/>
  <testcase classname="api.test.UserTest" name="testGetUser" time="2.737"/>
  <testcase classname="api.test.UserTest" name="testupdateUser" time="53.121"/>
  <testcase classname="api.test.UserTest" name="testDeleteuser" time="2.730"/>
</testsuite> <!-- api.test.UserTest -->
